<?xml version="1.0" encoding="UTF-8" ?>
<testsuite tests="21" failures="0" name="org.calc.RunCucumberTest" time="0.291" errors="0" skipped="0">
  <properties>
    <property name="java.runtime.name" value="OpenJDK Runtime Environment"/>
    <property name="java.vm.version" value="11.0.9.1+1-Ubuntu-0ubuntu1.20.04"/>
    <property name="sun.boot.library.path" value="/usr/lib/jvm/java-11-openjdk-amd64/lib"/>
    <property name="maven.multiModuleProjectDirectory" value="/home/antonio/IdeaProjects/cucumberTest"/>
    <property name="java.vm.vendor" value="Ubuntu"/>
    <property name="java.vendor.url" value="https://ubuntu.com/"/>
    <property name="guice.disable.misplaced.annotation.check" value="true"/>
    <property name="path.separator" value=":"/>
    <property name="java.vm.name" value="OpenJDK 64-Bit Server VM"/>
    <property name="sun.os.patch.level" value="unknown"/>
    <property name="user.country" value="IT"/>
    <property name="sun.java.launcher" value="SUN_STANDARD"/>
    <property name="java.vm.specification.name" value="Java Virtual Machine Specification"/>
    <property name="user.dir" value="/home/antonio/IdeaProjects/cucumberTest"/>
    <property name="java.vm.compressedOopsMode" value="32-bit"/>
    <property name="java.runtime.version" value="11.0.9.1+1-Ubuntu-0ubuntu1.20.04"/>
    <property name="java.awt.graphicsenv" value="sun.awt.X11GraphicsEnvironment"/>
    <property name="os.arch" value="amd64"/>
    <property name="java.io.tmpdir" value="/tmp"/>
    <property name="line.separator" value="
"/>
    <property name="java.vm.specification.vendor" value="Oracle Corporation"/>
    <property name="os.name" value="Linux"/>
    <property name="classworlds.conf" value="/usr/share/maven/bin/m2.conf"/>
    <property name="sun.jnu.encoding" value="UTF-8"/>
    <property name="java.library.path" value="/usr/java/packages/lib:/usr/lib/x86_64-linux-gnu/jni:/lib/x86_64-linux-gnu:/usr/lib/x86_64-linux-gnu:/usr/lib/jni:/lib:/usr/lib"/>
    <property name="maven.conf" value="/usr/share/maven/conf"/>
    <property name="jdk.debug" value="release"/>
    <property name="java.class.version" value="55.0"/>
    <property name="java.specification.name" value="Java Platform API Specification"/>
    <property name="sun.management.compiler" value="HotSpot 64-Bit Tiered Compilers"/>
    <property name="os.version" value="5.8.0-7630-generic"/>
    <property name="library.jansi.path" value="/usr/share/maven/lib/jansi-native"/>
    <property name="user.home" value="/home/antonio"/>
    <property name="user.timezone" value="Europe/Rome"/>
    <property name="java.awt.printerjob" value="sun.print.PSPrinterJob"/>
    <property name="file.encoding" value="UTF-8"/>
    <property name="java.specification.version" value="11"/>
    <property name="user.name" value="antonio"/>
    <property name="java.class.path" value="/usr/share/maven/boot/plexus-classworlds-2.x.jar"/>
    <property name="java.vm.specification.version" value="11"/>
    <property name="sun.arch.data.model" value="64"/>
    <property name="sun.java.command" value="org.codehaus.plexus.classworlds.launcher.Launcher test"/>
    <property name="java.home" value="/usr/lib/jvm/java-11-openjdk-amd64"/>
    <property name="user.language" value="it"/>
    <property name="java.specification.vendor" value="Oracle Corporation"/>
    <property name="awt.toolkit" value="sun.awt.X11.XToolkit"/>
    <property name="java.vm.info" value="mixed mode"/>
    <property name="java.version" value="11.0.9.1"/>
    <property name="securerandom.source" value="file:/dev/./urandom"/>
    <property name="java.vendor" value="Ubuntu"/>
    <property name="maven.home" value="/usr/share/maven"/>
    <property name="file.separator" value="/"/>
    <property name="java.version.date" value="2020-11-04"/>
    <property name="java.vendor.url.bug" value="https://bugs.launchpad.net/ubuntu/+source/openjdk-lts"/>
    <property name="sun.io.unicode.encoding" value="UnicodeLittle"/>
    <property name="sun.cpu.endian" value="little"/>
    <property name="sun.desktop" value="gnome"/>
    <property name="sun.cpu.isalist" value=""/>
  </properties>
  <testcase classname="add test" name="add two numbers on the Calculator app" time="0.139"/>
  <testcase classname="add test" name="check multiplication function on Calculator app #1" time="0.017"/>
  <testcase classname="add test" name="check multiplication function on Calculator app #2" time="0.004"/>
  <testcase classname="add test" name="check multiplication function on Calculator app #3" time="0.007"/>
  <testcase classname="add test" name="check multiplication function on Calculator app #4" time="0.001"/>
  <testcase classname="add test" name="check multiplication function on Calculator app #5" time="0.008"/>
  <testcase classname="add test" name="check multiplication function on Calculator app #6" time="0.007"/>
  <testcase classname="add test" name="check multiplication function on Calculator app #7" time="0.007"/>
  <testcase classname="add test" name="check multiplication function on Calculator app #8" time="0.008"/>
  <testcase classname="add test" name="check multiplication function on Calculator app #9" time="0.01"/>
  <testcase classname="add test" name="check multiplication function on Calculator app #10" time="0.008"/>
  <testcase classname="add test" name="check multiplication function on Calculator app #11" time="0.008"/>
  <testcase classname="add test" name="check multiplication function on Calculator app #12" time="0.009"/>
  <testcase classname="add test" name="check multiplication function on Calculator app #13" time="0.005"/>
  <testcase classname="add test" name="check multiplication function on Calculator app #14" time="0.006"/>
  <testcase classname="add test" name="check multiplication function on Calculator app #15" time="0.01"/>
  <testcase classname="add test" name="check multiplication function on Calculator app #16" time="0.008"/>
  <testcase classname="add test" name="check multiplication function on Calculator app #17" time="0.009"/>
  <testcase classname="add test" name="check multiplication function on Calculator app #18" time="0.006"/>
  <testcase classname="add test" name="check multiplication function on Calculator app #19" time="0.009"/>
  <testcase classname="add test" name="check multiplication function on Calculator app #20" time="0.005"/>
</testsuite>